0 info it worked if it ends with ok
1 verbose cli [ '/usr/local/bin/node',
1 verbose cli   '/usr/local/bin/npm',
1 verbose cli   'run',
1 verbose cli   'dev-start' ]
2 info using npm@3.10.10
3 info using node@v6.10.1
4 verbose run-script [ 'predev-start', 'dev-start', 'postdev-start' ]
5 info lifecycle electron-quick-start@1.0.0~predev-start: electron-quick-start@1.0.0
6 silly lifecycle electron-quick-start@1.0.0~predev-start: no script for predev-start, continuing
7 info lifecycle electron-quick-start@1.0.0~dev-start: electron-quick-start@1.0.0
8 verbose lifecycle electron-quick-start@1.0.0~dev-start: unsafe-perm in lifecycle true
9 verbose lifecycle electron-quick-start@1.0.0~dev-start: PATH: /usr/local/lib/node_modules/npm/bin/node-gyp-bin:/Users/eveafeline/Documents/Codesmith/senior/ID3-React/node_modules/.bin:/usr/local/bin:/usr/bin:/bin:/usr/sbin:/sbin:/Library/Frameworks/Mono.framework/Versions/Current/Commands:/Users/eveafeline/anaconda/bin
10 verbose lifecycle electron-quick-start@1.0.0~dev-start: CWD: /Users/eveafeline/Documents/Codesmith/senior/ID3-React
11 silly lifecycle electron-quick-start@1.0.0~dev-start: Args: [ '-c', 'cross-env NODE_ENV=development electron .' ]
12 info lifecycle electron-quick-start@1.0.0~dev-start: Failed to exec dev-start script
13 verbose stack Error: electron-quick-start@1.0.0 dev-start: `cross-env NODE_ENV=development electron .`
13 verbose stack spawn ENOENT
13 verbose stack     at ChildProcess.<anonymous> (/usr/local/lib/node_modules/npm/lib/utils/spawn.js:33:16)
13 verbose stack     at emitTwo (events.js:106:13)
13 verbose stack     at ChildProcess.emit (events.js:191:7)
13 verbose stack     at maybeClose (internal/child_process.js:886:16)
13 verbose stack     at Process.ChildProcess._handle.onexit (internal/child_process.js:226:5)
14 verbose pkgid electron-quick-start@1.0.0
15 verbose cwd /Users/eveafeline/Documents/Codesmith/senior/ID3-React
16 error Darwin 16.4.0
17 error argv "/usr/local/bin/node" "/usr/local/bin/npm" "run" "dev-start"
18 error node v6.10.1
19 error npm  v3.10.10
20 error file sh
21 error code ELIFECYCLE
22 error errno ENOENT
23 error syscall spawn
24 error electron-quick-start@1.0.0 dev-start: `cross-env NODE_ENV=development electron .`
24 error spawn ENOENT
25 error Failed at the electron-quick-start@1.0.0 dev-start script 'cross-env NODE_ENV=development electron .'.
25 error Make sure you have the latest version of node.js and npm installed.
25 error If you do, this is most likely a problem with the electron-quick-start package,
25 error not with npm itself.
25 error Tell the author that this fails on your system:
25 error     cross-env NODE_ENV=development electron .
25 error You can get information on how to open an issue for this project with:
25 error     npm bugs electron-quick-start
25 error Or if that isn't available, you can get their info via:
25 error     npm owner ls electron-quick-start
25 error There is likely additional logging output above.
26 verbose exit [ 1, true ]
